\BOOKMARK [0][]{chapter.1}{1 Johdanto}{}% 1
\BOOKMARK [0][]{chapter.2}{2 Teoriaosa}{}% 2
\BOOKMARK [1][]{section.2.1}{2.1 Opetusmenetelmien m\344\344ritelm\344}{chapter.2}% 3
\BOOKMARK [1][]{section.2.2}{2.2 Innovatiivisten opetusmenetelmien k\344ytt\366\366noton vaatimukset}{chapter.2}% 4
\BOOKMARK [2][]{subsection.2.2.1}{2.2.1 valtionhallinnolliset ratkaisut}{section.2.2}% 5
\BOOKMARK [2][]{subsection.2.2.2}{2.2.2 Opetusta uudistavat opettajat}{section.2.2}% 6
\BOOKMARK [2][]{subsection.2.2.3}{2.2.3 Yhteisty\366n lis\344\344minen}{section.2.2}% 7
\BOOKMARK [2][]{subsection.2.2.4}{2.2.4 Oppimateriaalien jakaminen ja verkosta l\366ytyvien hy\366dynt\344minen}{section.2.2}% 8
\BOOKMARK [2][]{subsection.2.2.5}{2.2.5 Johdon rooli innovatiivisten opetusmenetelmien k\344ytt\366\366notossa}{section.2.2}% 9
\BOOKMARK [2][]{subsection.2.2.6}{2.2.6 Opetuksen pedagoginen tvt-tuki}{section.2.2}% 10
\BOOKMARK [2][]{subsection.2.2.7}{2.2.7 Flipped classroom}{section.2.2}% 11
\BOOKMARK [2][]{subsection.2.2.8}{2.2.8 Opettaminen pelej\344 kehitt\344m\344ll\344}{section.2.2}% 12
\BOOKMARK [1][]{section.2.3}{2.3 Asioita joita s\344hk\366isten opetusmenetelmien kehitt\344misess\344 kannattaa huomioida ja tapoja joilla ne tuovat lis\344arvoa}{chapter.2}% 13
\BOOKMARK [1][]{section.2.4}{2.4 S\344hk\366isten menetelmien tuominen kouluihin}{chapter.2}% 14
\BOOKMARK [0][]{chapter.3}{3 Innovatiiviset menetelm\344t}{}% 15
\BOOKMARK [1][]{section.3.1}{3.1 Materiaalin ja kokemusten luokittelu ja jakaminen}{chapter.3}% 16
\BOOKMARK [1][]{section.3.2}{3.2 Robotit opetuksessa}{chapter.3}% 17
\BOOKMARK [1][]{section.3.3}{3.3 Oppimispelit ja sovellukset}{chapter.3}% 18
\BOOKMARK [1][]{section.3.4}{3.4 Paikannuspohjaiset oppimisratkaisut}{chapter.3}% 19
\BOOKMARK [1][]{section.3.5}{3.5 \304lytaulut opetuksessa}{chapter.3}% 20
\BOOKMARK [1][]{section.3.6}{3.6 Padit opetuksessa}{chapter.3}% 21
\BOOKMARK [1][]{section.3.7}{3.7 Tulokset}{chapter.3}% 22
